[25-May-2025 21:29:17 UTC] --- Acesso a restaurantes.php --- | Session ID: jvgvv1t1asajdqtlr25nf3si0n
[25-May-2025 21:36:57 UTC] --- Acesso a restaurantes.php --- | Session ID: jvgvv1t1asajdqtlr25nf3si0n
[25-May-2025 21:37:23 UTC] --- Acesso a restaurantes.php --- | Session ID: jvgvv1t1asajdqtlr25nf3si0n
[25-May-2025 21:39:40 UTC] --- Acesso a restaurantes.php --- | Session ID: jvgvv1t1asajdqtlr25nf3si0n
[25-May-2025 21:39:54 UTC] --- Acesso a restaurantes.php --- | Session ID: j6nugllqb7dhddjavp58n29vpl
[25-May-2025 21:40:13 UTC] --- Acesso a restaurantes.php --- | Session ID: jvgvv1t1asajdqtlr25nf3si0n
[25-May-2025 21:44:12 UTC] --- Acesso a restaurantes.php --- | Session ID: jvgvv1t1asajdqtlr25nf3si0n
[25-May-2025 21:47:32 UTC] --- Acesso a restaurantes.php --- | Session ID: jvgvv1t1asajdqtlr25nf3si0n
[25-May-2025 21:50:03 UTC] --- Acesso a restaurantes.php --- | Session ID: jvgvv1t1asajdqtlr25nf3si0n
[25-May-2025 21:54:08 UTC] --- Acesso a restaurantes.php --- | Session ID: jvgvv1t1asajdqtlr25nf3si0n
[25-May-2025 21:55:15 UTC] --- Acesso a restaurantes.php --- | Session ID: jvgvv1t1asajdqtlr25nf3si0n
[25-May-2025 21:55:20 UTC] --- Acesso a restaurantes.php --- | Session ID: jvgvv1t1asajdqtlr25nf3si0n
[25-May-2025 21:55:33 UTC] --- Acesso a restaurantes.php --- | Session ID: jvgvv1t1asajdqtlr25nf3si0n
[25-May-2025 21:55:50 UTC] --- Acesso a restaurantes.php --- | Session ID: eg1qavpg1e58m2kuh3m4s582v8
[25-May-2025 21:58:58 UTC] --- Acesso a restaurantes.php --- | Session ID: jvgvv1t1asajdqtlr25nf3si0n
[25-May-2025 22:00:26 UTC] --- Acesso a restaurantes.php --- | Session ID: jvgvv1t1asajdqtlr25nf3si0n
[25-May-2025 22:01:44 UTC] --- Acesso a restaurantes.php --- | Session ID: jvgvv1t1asajdqtlr25nf3si0n
[25-May-2025 22:02:56 UTC] --- Acesso a restaurantes.php --- | Session ID: jvgvv1t1asajdqtlr25nf3si0n
[25-May-2025 22:03:52 UTC] --- Acesso a restaurantes.php --- | Session ID: qjlgcgth156r3s5m8qjj2ua594
[25-May-2025 22:36:17 UTC] --- Acesso a restaurantes.php --- | Session ID: 8h5usmgeeuo65b7u7cvo0ldq9h
[25-May-2025 22:36:20 UTC] --- Acesso a restaurantes.php --- | Session ID: l5tbmcc8e5pi8jfhelb18ja3g2
[25-May-2025 22:36:21 UTC] --- Acesso a restaurantes.php --- | Session ID: f3qd0fr5nsg33ut3dmkseg4pmc
[25-May-2025 22:36:21 UTC] --- Acesso a restaurantes.php --- | Session ID: krkkhs6dbb0tumsa7gbdgv3ouc
[25-May-2025 23:48:32 UTC] --- Acesso a restaurantes.php --- | Session ID: jvgvv1t1asajdqtlr25nf3si0n
[25-May-2025 23:55:55 UTC] --- Acesso a restaurantes.php (v.Vermelho) --- | Session ID: jvgvv1t1asajdqtlr25nf3si0n
[26-May-2025 00:05:04 UTC] --- Acesso a restaurantes.php (v.MenuFull+Nutri) --- | SID: eud9elj6dbappjqga6lrt354lg
[26-May-2025 00:05:05 UTC] --- Acesso a restaurantes.php (v.MenuFull+Nutri) --- | SID: eud9elj6dbappjqga6lrt354lg
[26-May-2025 00:10:42 UTC] --- Acesso a restaurantes.php (v.MenuFull+Nutri) --- | SID: eud9elj6dbappjqga6lrt354lg
[26-May-2025 00:10:59 UTC] --- Acesso a restaurantes.php (v.MenuFull+Nutri) --- | SID: eud9elj6dbappjqga6lrt354lg
[26-May-2025 00:11:09 UTC] --- Acesso a restaurantes.php (v.MenuFull+Nutri) --- | SID: eud9elj6dbappjqga6lrt354lg
[26-May-2025 00:13:26 UTC] --- Acesso a restaurantes.php (v.MenuFull+Nutri) --- | SID: i8jd8nslde5bq5td4llvpmga50
[26-May-2025 00:15:37 UTC] --- Acesso a restaurantes.php (v.MenuFull+Nutri) --- | SID: i8jd8nslde5bq5td4llvpmga50
[26-May-2025 00:19:10 UTC] --- Acesso a restaurantes.php (v.MenuFull+Nutri) --- | SID: i8jd8nslde5bq5td4llvpmga50
[26-May-2025 00:19:16 UTC] --- Acesso a restaurantes.php (v.MenuFull+Nutri) --- | SID: i8jd8nslde5bq5td4llvpmga50
[26-May-2025 00:19:19 UTC] --- Acesso a restaurantes.php (v.MenuFull+Nutri) --- | SID: i8jd8nslde5bq5td4llvpmga50
[26-May-2025 00:19:33 UTC] --- Acesso a restaurantes.php (v.MenuFull+Nutri) --- | SID: i8jd8nslde5bq5td4llvpmga50
[26-May-2025 00:19:35 UTC] --- Acesso a restaurantes.php (v.MenuFull+Nutri) --- | SID: i8jd8nslde5bq5td4llvpmga50
[26-May-2025 00:19:38 UTC] --- Acesso a restaurantes.php (v.MenuFull+Nutri) --- | SID: i8jd8nslde5bq5td4llvpmga50
[26-May-2025 00:24:03 UTC] --- Acesso a restaurantes.php (v.MenuFull+Nutri) --- | SID: i8jd8nslde5bq5td4llvpmga50
[26-May-2025 00:24:12 UTC] --- Acesso a restaurantes.php (v.MenuFull+Nutri) --- | SID: i8jd8nslde5bq5td4llvpmga50
[26-May-2025 00:25:31 UTC] --- Acesso a restaurantes.php (v.MenuFull+Nutri) --- | SID: i8jd8nslde5bq5td4llvpmga50
[26-May-2025 00:25:43 UTC] --- Acesso a restaurantes.php (v.MenuFull+Nutri) --- | SID: i8jd8nslde5bq5td4llvpmga50
[26-May-2025 00:25:58 UTC] --- Acesso a restaurantes.php (v.MenuFull+Nutri) --- | SID: i8jd8nslde5bq5td4llvpmga50
[26-May-2025 00:25:59 UTC] --- Acesso a restaurantes.php (v.MenuFull+Nutri) --- | SID: i8jd8nslde5bq5td4llvpmga50
[26-May-2025 00:26:00 UTC] --- Acesso a restaurantes.php (v.MenuFull+Nutri) --- | SID: i8jd8nslde5bq5td4llvpmga50
[26-May-2025 00:39:53 UTC] --- Acesso a restaurantes.php (Final vLogo/Cores/Nutri) --- | SID: i8jd8nslde5bq5td4llvpmga50
[26-May-2025 00:42:23 UTC] --- Acesso a restaurantes.php (Final vLogo/Cores/Nutri) --- | SID: i8jd8nslde5bq5td4llvpmga50
[26-May-2025 00:43:28 UTC] --- Acesso a restaurantes.php (Final vLogo/Cores/Nutri) --- | SID: i8jd8nslde5bq5td4llvpmga50
[26-May-2025 00:47:28 UTC] --- Acesso a restaurantes.php (Final vLogo/Cores/Nutri) --- | SID: i8jd8nslde5bq5td4llvpmga50
[26-May-2025 00:49:01 UTC] --- Acesso a restaurantes.php (Final vLogo/Cores/Nutri) --- | SID: i8jd8nslde5bq5td4llvpmga50
[26-May-2025 00:50:44 UTC] --- Acesso a restaurantes.php (Final vLogo/Cores/Nutri) --- | SID: i8jd8nslde5bq5td4llvpmga50
[26-May-2025 00:52:10 UTC] --- Acesso a restaurantes.php (Final vLogo/Cores/Nutri) --- | SID: i8jd8nslde5bq5td4llvpmga50
[26-May-2025 01:13:34 UTC] --- Acesso a restaurantes.php (Final vLogo/Cores/Nutri) --- | SID: iadfl3duvrfv9umbuf91a8smfh
[26-May-2025 01:13:37 UTC] --- Acesso a restaurantes.php (Final vLogo/Cores/Nutri) --- | SID: iadfl3duvrfv9umbuf91a8smfh
[26-May-2025 01:13:39 UTC] --- Acesso a restaurantes.php (Final vLogo/Cores/Nutri) --- | SID: iadfl3duvrfv9umbuf91a8smfh
[26-May-2025 01:13:42 UTC] --- Acesso a restaurantes.php (Final vLogo/Cores/Nutri) --- | SID: iadfl3duvrfv9umbuf91a8smfh
[26-May-2025 01:13:45 UTC] --- Acesso a restaurantes.php (Final vLogo/Cores/Nutri) --- | SID: iadfl3duvrfv9umbuf91a8smfh
[26-May-2025 01:13:50 UTC] --- Acesso a restaurantes.php (Final vLogo/Cores/Nutri) --- | SID: iadfl3duvrfv9umbuf91a8smfh
[26-May-2025 01:13:59 UTC] --- Acesso a restaurantes.php (Final vLogo/Cores/Nutri) --- | SID: iadfl3duvrfv9umbuf91a8smfh
[26-May-2025 01:14:02 UTC] --- Acesso a restaurantes.php (Final vLogo/Cores/Nutri) --- | SID: iadfl3duvrfv9umbuf91a8smfh
[26-May-2025 14:02:07 UTC] --- Acesso a restaurantes.php (Final vLogo/Cores/Nutri) --- | SID: q2pp2ler150sqq26c7uapreb54
[26-May-2025 14:02:20 UTC] --- Acesso a restaurantes.php (Final vLogo/Cores/Nutri) --- | SID: q2pp2ler150sqq26c7uapreb54
[26-May-2025 14:10:48 UTC] --- Acesso a restaurantes.php (Final vLogo/Cores/Nutri) --- | SID: ocetk82tpjddak3f87sbvonke1
[26-May-2025 14:19:11 UTC] --- Acesso a restaurantes.php (Final vLogo/Cores/Nutri) --- | SID: pvu7r2mlkouthetcevul6okd67
[26-May-2025 14:30:56 UTC] --- Acesso a restaurantes.php (Final vLogo/Cores/Nutri) --- | SID: btlo530berib5o62k1rkl4hlvn
[26-May-2025 14:35:41 UTC] --- Acesso a restaurantes.php (Final vLogo/Cores/Nutri) --- | SID: s2ae6s41kj669nbh8i5uj5c4pv
[26-May-2025 14:37:11 UTC] --- Acesso a restaurantes.php (Final vLogo/Cores/Nutri) --- | SID: i2jpquhev4qrmsecs5ub1bu0uc
[26-May-2025 15:41:01 UTC] --- Acesso a restaurantes.php (Final vLogo/Cores/Nutri) --- | SID: moikds8tb8gv7ek9mr2nahr56k
[26-May-2025 16:55:45 UTC] --- Acesso a restaurantes.php (Final vLogo/Cores/Nutri) --- | SID: 8h5usmgeeuo65b7u7cvo0ldq9h
[26-May-2025 17:12:15 UTC] --- Acesso a restaurantes.php (Final vLogo/Cores/Nutri) --- | SID: o2ce5cjcc6s9sh5ot7bm8a83rs
[26-May-2025 21:23:31 UTC] --- Acesso a restaurantes.php (Final vLogo/Cores/Nutri) --- | SID: j7lr2krtd5p6s4omod1hdgbv3s
[26-May-2025 21:24:46 UTC] --- Acesso a restaurantes.php (Final vLogo/Cores/Nutri) --- | SID: j7lr2krtd5p6s4omod1hdgbv3s
[26-May-2025 21:30:14 UTC] --- Acesso a restaurantes.php (Final vLogo/Cores/Nutri) --- | SID: 9a5g9525599ngpp21dr5dlrev2
[26-May-2025 21:31:59 UTC] --- Acesso a restaurantes.php (Final vLogo/Cores/Nutri) --- | SID: 9a5g9525599ngpp21dr5dlrev2
[26-May-2025 21:36:50 UTC] --- Acesso a restaurantes.php (Final vLogo/Cores/Nutri) --- | SID: 9a5g9525599ngpp21dr5dlrev2
[26-May-2025 21:41:27 UTC] --- Acesso a restaurantes.php (Final vLogo/Cores/Nutri) --- | SID: 9a5g9525599ngpp21dr5dlrev2
[26-May-2025 22:03:39 UTC] --- Acesso a restaurantes.php (Final vLogo/Cores/Nutri) --- | SID: ehtfatic7kmoc0j1d6g0gm7mm3
[26-May-2025 22:09:14 UTC] --- Acesso a restaurantes.php (Final vLogo/Cores/Nutri) --- | SID: ehtfatic7kmoc0j1d6g0gm7mm3
[26-May-2025 23:47:51 UTC] --- Acesso a restaurantes.php (Final vLogo/Cores/Nutri) --- | SID: 9a5g9525599ngpp21dr5dlrev2
[26-May-2025 23:47:53 UTC] --- Acesso a restaurantes.php (Final vLogo/Cores/Nutri) --- | SID: 9a5g9525599ngpp21dr5dlrev2
[26-May-2025 23:47:54 UTC] --- Acesso a restaurantes.php (Final vLogo/Cores/Nutri) --- | SID: 9a5g9525599ngpp21dr5dlrev2
[27-May-2025 14:36:25 UTC] --- Acesso a restaurantes.php (Final vLogo/Cores/Nutri) --- | SID: jt6lp8i4ujmjmemcjhkd6sae6d
[30-May-2025 02:24:58 UTC] --- Acesso a restaurantes.php (Final vLogo/Cores/Nutri) --- | SID: h285gk50k4j5nsch1pcuedn9dd
[31-May-2025 23:51:40 UTC] --- Acesso a restaurantes.php (Final vLogo/Cores/Nutri) --- | SID: sf782ttovl6lfpp9libthsftcm
[01-Jun-2025 19:55:19 UTC] --- Acesso a restaurantes.php (Final vLogo/Cores/Nutri) --- | SID: g0ku8ppfjc7rit6494n8ekjtnd
[01-Jun-2025 20:37:22 UTC] --- Acesso a restaurantes.php (Final vLogo/Cores/Nutri) --- | SID: anj2p5f03vk6evsj9k39b7cjt9
[06-Jun-2025 06:55:48 UTC] --- Acesso a restaurantes.php (Final vLogo/Cores/Nutri) --- | SID: o9nmv5e6fghglibhohipa2jh4o
[06-Jun-2025 06:55:54 UTC] --- Acesso a restaurantes.php (Final vLogo/Cores/Nutri) --- | SID: o9nmv5e6fghglibhohipa2jh4o
[08-Jun-2025 00:53:29 UTC] --- Acesso a restaurantes.php (Final vLogo/Cores/Nutri) --- | SID: k99ud15b00m79rqp08r544o8pt
[08-Jun-2025 16:05:23 UTC] --- Acesso a restaurantes.php (Final vLogo/Cores/Nutri) --- | SID: 9kp34l1r0e5f7a2l70kevan45j
[08-Jun-2025 17:48:00 UTC] --- Acesso a restaurantes.php (Final vLogo/Cores/Nutri) --- | SID: 9kp34l1r0e5f7a2l70kevan45j
[08-Jun-2025 17:50:08 UTC] --- Acesso a restaurantes.php (Final vLogo/Cores/Nutri) --- | SID: 9kp34l1r0e5f7a2l70kevan45j
[08-Jun-2025 19:53:49 UTC] --- Acesso a restaurantes.php (Final vLogo/Cores/Nutri) --- | SID: 8vlpe11a5qsjaohlkaip4aubvv
[08-Jun-2025 20:00:03 UTC] --- Acesso a restaurantes.php (Final vLogo/Cores/Nutri) --- | SID: 8vlpe11a5qsjaohlkaip4aubvv
[08-Jun-2025 20:04:26 UTC] --- Acesso a restaurantes.php (Final vLogo/Cores/Nutri) --- | SID: 8vlpe11a5qsjaohlkaip4aubvv
[08-Jun-2025 20:04:32 UTC] --- Acesso a restaurantes.php (Final vLogo/Cores/Nutri) --- | SID: 8vlpe11a5qsjaohlkaip4aubvv
[08-Jun-2025 20:06:46 UTC] --- Acesso a restaurantes.php (Final vLogo/Cores/Nutri) --- | SID: 8vlpe11a5qsjaohlkaip4aubvv
[08-Jun-2025 20:07:45 UTC] --- Acesso a restaurantes.php (Final vLogo/Cores/Nutri) --- | SID: 8vlpe11a5qsjaohlkaip4aubvv
[08-Jun-2025 20:12:07 UTC] --- Acesso a restaurantes.php (Final vLogo/Cores/Nutri) --- | SID: 8vlpe11a5qsjaohlkaip4aubvv
[08-Jun-2025 20:12:09 UTC] --- Acesso a restaurantes.php (Final vLogo/Cores/Nutri) --- | SID: 8vlpe11a5qsjaohlkaip4aubvv
[09-Jun-2025 12:33:06 UTC] --- Acesso a restaurantes.php (Final vLogo/Cores/Nutri) --- | SID: fsd4ajmjoj7jn36on5rooptcke
[09-Jun-2025 12:33:29 UTC] --- Acesso a restaurantes.php (Final vLogo/Cores/Nutri) --- | SID: fsd4ajmjoj7jn36on5rooptcke
[11-Jun-2025 20:25:25 UTC] --- Acesso a restaurantes.php (Final vLogo/Cores/Nutri) --- | SID: 4a4q95v4urbqllhqv2hcb0n5fu
[11-Jun-2025 23:34:07 UTC] --- Acesso a restaurantes.php (Final vLogo/Cores/Nutri) --- | SID: tvnmnr8vkj0d3ice9sefob7cq9
[12-Jun-2025 02:03:42 UTC] --- Acesso a restaurantes.php (Final vLogo/Cores/Nutri) --- | SID: icufh1h4lgcugpk4vl4f9qdd4q
[12-Jun-2025 02:03:44 UTC] --- Acesso a restaurantes.php (Final vLogo/Cores/Nutri) --- | SID: icufh1h4lgcugpk4vl4f9qdd4q
[12-Jun-2025 11:38:48 UTC] --- Acesso a restaurantes.php (Final vLogo/Cores/Nutri) --- | SID: pff97j1sb55v218svqb39lidun
[13-Jun-2025 20:02:05 UTC] --- Acesso a restaurantes.php (Final vLogo/Cores/Nutri) --- | SID: 1dadp04qqs8cidlrp9tpsimirv
[14-Jun-2025 21:02:14 UTC] --- Acesso a restaurantes.php (Final vLogo/Cores/Nutri) --- | SID: bgt1jd1otjach6buudm81stdu3
[14-Jun-2025 21:02:26 UTC] --- Acesso a restaurantes.php (Final vLogo/Cores/Nutri) --- | SID: bgt1jd1otjach6buudm81stdu3
[18-Jun-2025 02:35:58 UTC] --- Acesso a restaurantes.php (Final vLogo/Cores/Nutri) --- | SID: opu4b5bntnbqmr4t656f20m405
[18-Jun-2025 02:36:07 UTC] --- Acesso a restaurantes.php (Final vLogo/Cores/Nutri) --- | SID: opu4b5bntnbqmr4t656f20m405
[18-Jun-2025 19:41:08 UTC] --- Acesso a restaurantes.php (Final vLogo/Cores/Nutri) --- | SID: drl7440479r7fhkh8cqe6hn2rn
[02-Jul-2025 10:00:44 UTC] --- Acesso a restaurantes.php (Final vLogo/Cores/Nutri) --- | SID: 2v58j9mkpls71v7eo9u7bp6aij
[02-Jul-2025 15:55:35 UTC] --- Acesso a restaurantes.php (Final vLogo/Cores/Nutri) --- | SID: lfdet3dmnnbbnrlnbjel6oipu4
[03-Jul-2025 02:00:57 UTC] --- Acesso a restaurantes.php (Final vLogo/Cores/Nutri) --- | SID: f4foq11gjlu788v9gt9vb51k8s
[03-Jul-2025 20:18:12 UTC] --- Acesso a restaurantes.php (Final vLogo/Cores/Nutri) --- | SID: vprhu8ct6k4tpo2622le3kvmdi
[07-Jul-2025 01:21:44 UTC] --- Acesso a restaurantes.php (Final vLogo/Cores/Nutri) --- | SID: 27kl2r5gu8gtgbtgnlnsdrti0n
[08-Jul-2025 14:08:10 UTC] --- Acesso a restaurantes.php (Final vLogo/Cores/Nutri) --- | SID: l85q1dmmi40td1o3oof67n2e3v
[08-Jul-2025 14:36:03 UTC] --- Acesso a restaurantes.php (Final vLogo/Cores/Nutri) --- | SID: cnrltufshjhq9ine90r1ro99t7
[10-Jul-2025 16:26:31 UTC] --- Acesso a restaurantes.php (Final vLogo/Cores/Nutri) --- | SID: ipsathi3a9cqa7r86rh1t9lf7p
[10-Jul-2025 16:27:09 UTC] --- Acesso a restaurantes.php (Final vLogo/Cores/Nutri) --- | SID: ipsathi3a9cqa7r86rh1t9lf7p
[11-Jul-2025 00:51:27 UTC] --- Acesso a restaurantes.php (Final vLogo/Cores/Nutri) --- | SID: cfjso9kjutoqkqbusdcibj7f8d
[12-Jul-2025 15:59:30 UTC] --- Acesso a restaurantes.php (Final vLogo/Cores/Nutri) --- | SID: f4lgpl0m9sb0qh24kijfckigt3
[13-Jul-2025 08:13:34 UTC] --- Acesso a restaurantes.php (Final vLogo/Cores/Nutri) --- | SID: if6ir8rhehdsh42c7ouq16aqdb
[14-Jul-2025 04:54:32 UTC] --- Acesso a restaurantes.php (Final vLogo/Cores/Nutri) --- | SID: 86mfm9q3b9cma0tq9nf932g9rt
[14-Jul-2025 23:21:46 UTC] --- Acesso a restaurantes.php (Final vLogo/Cores/Nutri) --- | SID: rb75j52fajtg662o2gcd0fumfq
[15-Jul-2025 00:35:31 UTC] --- Acesso a restaurantes.php (Final vLogo/Cores/Nutri) --- | SID: 46paj6aifjkf5mmn7nf879l4uk
[15-Jul-2025 17:48:40 UTC] --- Acesso a restaurantes.php (Final vLogo/Cores/Nutri) --- | SID: 9ui56s6k1dh9dsa9ku9m1brg9u
[19-Jul-2025 13:38:02 UTC] --- Acesso a restaurantes.php (Final vLogo/Cores/Nutri) --- | SID: h5vb1la4fomjpq5kd2fda7lp9h
[20-Jul-2025 19:50:39 UTC] --- Acesso a restaurantes.php (Final vLogo/Cores/Nutri) --- | SID: 4jmh2a29bcjase3ehibnvd54ut
[20-Jul-2025 22:37:29 UTC] --- Acesso a restaurantes.php (Final vLogo/Cores/Nutri) --- | SID: sig6vea44f9u25ru3cj9i9lbi8
[21-Jul-2025 17:22:59 UTC] --- Acesso a restaurantes.php (Final vLogo/Cores/Nutri) --- | SID: f62igfkp5u7mjge471pahivkkq
[21-Jul-2025 19:36:39 UTC] --- Acesso a restaurantes.php (Final vLogo/Cores/Nutri) --- | SID: 91hv8hve2s0gv7a49jadqt2rn7
[23-Jul-2025 10:34:48 UTC] --- Acesso a restaurantes.php (Final vLogo/Cores/Nutri) --- | SID: 5or7ibedcth35pr715eicl5rtc
[23-Jul-2025 11:34:12 UTC] --- Acesso a restaurantes.php (Final vLogo/Cores/Nutri) --- | SID: 41poo8erjh6cl9ujk54ijctkbg
[23-Jul-2025 12:35:00 UTC] --- Acesso a restaurantes.php (Final vLogo/Cores/Nutri) --- | SID: csba7sd9unanl20jabud4eqmsl
[26-Jul-2025 05:55:53 UTC] --- Acesso a restaurantes.php (Final vLogo/Cores/Nutri) --- | SID: un0mo1a441gq6rpnvt25hkuck4
[27-Jul-2025 21:05:47 UTC] --- Acesso a restaurantes.php (Final vLogo/Cores/Nutri) --- | SID: 9h0t5ni9maqab7kk95cp46mgpd
[28-Jul-2025 00:38:21 UTC] --- Acesso a restaurantes.php (Final vLogo/Cores/Nutri) --- | SID: 4snpuv613b7ab6umu5igr2innq
[28-Jul-2025 00:39:48 UTC] --- Acesso a restaurantes.php (Final vLogo/Cores/Nutri) --- | SID: 4snpuv613b7ab6umu5igr2innq
[28-Jul-2025 00:42:00 UTC] --- Acesso a restaurantes.php (Final vLogo/Cores/Nutri) --- | SID: 4snpuv613b7ab6umu5igr2innq
[28-Jul-2025 00:42:02 UTC] --- Acesso a restaurantes.php (Final vLogo/Cores/Nutri) --- | SID: 4snpuv613b7ab6umu5igr2innq
[28-Jul-2025 23:17:13 UTC] --- Acesso a restaurantes.php (Final vLogo/Cores/Nutri) --- | SID: jfrlpg8o2c4dkivns1i8m6bpum
[29-Jul-2025 14:37:51 UTC] --- Acesso a restaurantes.php (Final vLogo/Cores/Nutri) --- | SID: obev36vs2pqmr5qev89efq5oc4
[30-Jul-2025 20:55:47 UTC] --- Acesso a restaurantes.php (Final vLogo/Cores/Nutri) --- | SID: 39facp4g658j7je1fve58ntncm
[31-Jul-2025 17:51:50 UTC] --- Acesso a restaurantes.php (Final vLogo/Cores/Nutri) --- | SID: 17s1445vh6vujj8u9nuqbd6jai
[31-Jul-2025 17:52:06 UTC] --- Acesso a restaurantes.php (Final vLogo/Cores/Nutri) --- | SID: 17s1445vh6vujj8u9nuqbd6jai
[05-Aug-2025 03:56:02 UTC] --- Acesso a restaurantes.php (Final vLogo/Cores/Nutri) --- | SID: 7m7td379vfak5voq07rej2ren5
[05-Aug-2025 07:07:45 UTC] --- Acesso a restaurantes.php (Final vLogo/Cores/Nutri) --- | SID: 1ijrs5brddpl2juft4etir8s74
[05-Aug-2025 07:30:14 UTC] --- Acesso a restaurantes.php (Final vLogo/Cores/Nutri) --- | SID: hlkagps4p96sm6bei1h4rhfk31
[05-Aug-2025 12:27:16 UTC] --- Acesso a restaurantes.php (Final vLogo/Cores/Nutri) --- | SID: lotemlch3mp8mgqf6obqjmo52j
[06-Aug-2025 11:35:59 UTC] --- Acesso a restaurantes.php (Final vLogo/Cores/Nutri) --- | SID: 149h37j4l4lrld0673l8hdfv99
[08-Aug-2025 01:16:11 UTC] --- Acesso a restaurantes.php (Final vLogo/Cores/Nutri) --- | SID: faaplimneospvfkjp5u4hkp698
[08-Aug-2025 01:16:37 UTC] --- Acesso a restaurantes.php (Final vLogo/Cores/Nutri) --- | SID: faaplimneospvfkjp5u4hkp698
[09-Aug-2025 05:40:39 UTC] --- Acesso a restaurantes.php (Final vLogo/Cores/Nutri) --- | SID: dl5uht6hck6jq0l9rhdqfcl5uc
[09-Aug-2025 11:45:52 UTC] --- Acesso a restaurantes.php (Final vLogo/Cores/Nutri) --- | SID: k0aj3jq16vu14fmhoi3pe1hshj
[09-Aug-2025 11:46:06 UTC] --- Acesso a restaurantes.php (Final vLogo/Cores/Nutri) --- | SID: k0aj3jq16vu14fmhoi3pe1hshj
[09-Aug-2025 22:56:30 UTC] --- Acesso a restaurantes.php (Final vLogo/Cores/Nutri) --- | SID: knofs3pnl4jvj1qp7027tj97he
[09-Aug-2025 22:56:36 UTC] --- Acesso a restaurantes.php (Final vLogo/Cores/Nutri) --- | SID: knofs3pnl4jvj1qp7027tj97he
[10-Aug-2025 14:32:53 UTC] --- Acesso a restaurantes.php (Final vLogo/Cores/Nutri) --- | SID: bqctlb0pmobtv9sp5s8754625d
[14-Aug-2025 02:33:52 UTC] --- Acesso a restaurantes.php (Final vLogo/Cores/Nutri) --- | SID: 00bvd99tptq6l9qb4b88aoi03q
[15-Aug-2025 01:11:04 UTC] --- Acesso a restaurantes.php (Final vLogo/Cores/Nutri) --- | SID: ssvg57r8q56okpftsrolbp0ao8
[15-Aug-2025 01:52:24 UTC] --- Acesso a restaurantes.php (Final vLogo/Cores/Nutri) --- | SID: 23oglm7amtvag8i1mdujesnetd
[15-Aug-2025 02:00:37 UTC] --- Acesso a restaurantes.php (Final vLogo/Cores/Nutri) --- | SID: l84ceofqs7oiih7t2kckt40ebr
[15-Aug-2025 02:12:28 UTC] --- Acesso a restaurantes.php (Final vLogo/Cores/Nutri) --- | SID: eaa181dfq5l978i37abpsgg4gl
[15-Aug-2025 02:34:08 UTC] --- Acesso a restaurantes.php (Final vLogo/Cores/Nutri) --- | SID: tssrd20tsuq8mie201g0f467dg
[16-Aug-2025 02:33:37 UTC] --- Acesso a restaurantes.php (Final vLogo/Cores/Nutri) --- | SID: tv6c0ep4fnln8mf4domvpqok3j
[17-Aug-2025 02:36:44 UTC] --- Acesso a restaurantes.php (Final vLogo/Cores/Nutri) --- | SID: 886g7ocucdjhmeaa8khmuj9hks
[18-Aug-2025 02:34:02 UTC] --- Acesso a restaurantes.php (Final vLogo/Cores/Nutri) --- | SID: mcijvnne301lhh339hp5mb943p
[19-Aug-2025 02:33:26 UTC] --- Acesso a restaurantes.php (Final vLogo/Cores/Nutri) --- | SID: d0q8sossg16nopr6s4ck90egr8
[19-Aug-2025 12:57:28 UTC] --- Acesso a restaurantes.php (Final vLogo/Cores/Nutri) --- | SID: keu9abccm8kkkcj39pmkp4bbnb
[19-Aug-2025 12:58:00 UTC] --- Acesso a restaurantes.php (Final vLogo/Cores/Nutri) --- | SID: tljjfu15oaq1qc053s8c9b7vuv
[19-Aug-2025 15:44:35 UTC] --- Acesso a restaurantes.php (Final vLogo/Cores/Nutri) --- | SID: j3u6qles2penkg14o695da87go
[19-Aug-2025 20:44:15 UTC] --- Acesso a restaurantes.php (Final vLogo/Cores/Nutri) --- | SID: f106c1r98misodv5t54qti4i1e
[20-Aug-2025 02:33:49 UTC] --- Acesso a restaurantes.php (Final vLogo/Cores/Nutri) --- | SID: 7g8cbci9evaqh9j1mvgkm2mv29
[20-Aug-2025 10:56:34 UTC] --- Acesso a restaurantes.php (Final vLogo/Cores/Nutri) --- | SID: kpsujn4p3rc4totevtfiqmdup8
[20-Aug-2025 10:56:53 UTC] --- Acesso a restaurantes.php (Final vLogo/Cores/Nutri) --- | SID: kpsujn4p3rc4totevtfiqmdup8
[21-Aug-2025 08:55:24 UTC] --- Acesso a restaurantes.php (Final vLogo/Cores/Nutri) --- | SID: sk4o44n4varh3b40qv1soqoka0
[21-Aug-2025 08:55:36 UTC] --- Acesso a restaurantes.php (Final vLogo/Cores/Nutri) --- | SID: qbj4nbbdtnb4qld9kkathccsef
[21-Aug-2025 08:55:36 UTC] --- Acesso a restaurantes.php (Final vLogo/Cores/Nutri) --- | SID: 7gd6sc3fupj87ov2vv65v5qmd3
[21-Aug-2025 18:33:20 UTC] --- Acesso a restaurantes.php (Final vLogo/Cores/Nutri) --- | SID: mscnhdf1h25hj5238eus80qa6m
[21-Aug-2025 20:33:24 UTC] --- Acesso a restaurantes.php (Final vLogo/Cores/Nutri) --- | SID: pjuabhgep6eglm7kusffcb9iv6
[24-Aug-2025 05:10:20 UTC] --- Acesso a restaurantes.php (Final vLogo/Cores/Nutri) --- | SID: 43j43gg09bm170bphj81mt5g4k
[24-Aug-2025 19:24:48 UTC] --- Acesso a restaurantes.php (Final vLogo/Cores/Nutri) --- | SID: c3umdj2qvaij7rub1ngj41der9
[24-Aug-2025 19:31:56 UTC] --- Acesso a restaurantes.php (Final vLogo/Cores/Nutri) --- | SID: 3kaepgi826gkqt6gnka9ghbmko
[24-Aug-2025 19:33:01 UTC] --- Acesso a restaurantes.php (Final vLogo/Cores/Nutri) --- | SID: 26qsgitn1okm70pd9u1bi69ufe
[24-Aug-2025 21:28:43 UTC] --- Acesso a restaurantes.php (Final vLogo/Cores/Nutri) --- | SID: joklq3cporsvmi39mldg5ajd1q
[24-Aug-2025 21:43:44 UTC] --- Acesso a restaurantes.php (Final vLogo/Cores/Nutri) --- | SID: nc4v2njsnr2o5roc617ibnl539
[25-Aug-2025 10:53:53 UTC] --- Acesso a restaurantes.php (Final vLogo/Cores/Nutri) --- | SID: 1004anvvgmsjed0fb2gkbo1q98
[25-Aug-2025 10:54:04 UTC] --- Acesso a restaurantes.php (Final vLogo/Cores/Nutri) --- | SID: cggo0m54q4nagd8tma2ibi2ns3
[25-Aug-2025 12:19:58 UTC] --- Acesso a restaurantes.php (Final vLogo/Cores/Nutri) --- | SID: aplbiaecjk6k75cds6e8noaboj
[25-Aug-2025 12:19:59 UTC] --- Acesso a restaurantes.php (Final vLogo/Cores/Nutri) --- | SID: 051r3fk59kul5mnd1vtb7ef16l
[25-Aug-2025 19:01:43 UTC] --- Acesso a restaurantes.php (Final vLogo/Cores/Nutri) --- | SID: 3mql5ae7umb9919ird7laf6d35
[26-Aug-2025 02:37:03 UTC] --- Acesso a restaurantes.php (Final vLogo/Cores/Nutri) --- | SID: mna9o5b8b9bdegbrgr3154q646
[26-Aug-2025 02:37:54 UTC] --- Acesso a restaurantes.php (Final vLogo/Cores/Nutri) --- | SID: 3jqemefh79lthlkb3l4ldil5gt
[26-Aug-2025 02:42:49 UTC] --- Acesso a restaurantes.php (Final vLogo/Cores/Nutri) --- | SID: 3jqemefh79lthlkb3l4ldil5gt
[26-Aug-2025 02:44:20 UTC] --- Acesso a restaurantes.php (Final vLogo/Cores/Nutri) --- | SID: pmtj5ec70ihidpvj4v5d3lr853
[26-Aug-2025 03:42:45 UTC] --- Acesso a restaurantes.php (Final vLogo/Cores/Nutri) --- | SID: qf1qd7j1apiou8gjvhi34qj3jn
[26-Aug-2025 21:07:05 UTC] --- Acesso a restaurantes.php (Final vLogo/Cores/Nutri) --- | SID: 47ubgjn7aicgqoju4b310njele
