[08-Jun-2025 20:10:16 UTC] --- Acesso a nutridev.php --- | SID: 8vlpe11a5qsjaohlkaip4aubvv
[08-Jun-2025 20:12:06 UTC] --- Acesso a nutridev.php --- | SID: 8vlpe11a5qsjaohlkaip4aubvv
[08-Jun-2025 20:12:10 UTC] --- Acesso a nutridev.php --- | SID: 8vlpe11a5qsjaohlkaip4aubvv
[08-Jun-2025 20:15:16 UTC] --- Acesso a nutridev.php --- | SID: 8vlpe11a5qsjaohlkaip4aubvv
[09-Jun-2025 12:33:14 UTC] --- Acesso a nutridev.php --- | SID: fsd4ajmjoj7jn36on5rooptcke
[09-Jun-2025 12:33:37 UTC] --- Acesso a nutridev.php --- | SID: fsd4ajmjoj7jn36on5rooptcke
[11-Jun-2025 21:02:40 UTC] --- Acesso a nutridev.php --- | SID: 1ven1anj71r7hhgsrfa63vu5ik
[11-Jun-2025 23:34:13 UTC] --- Acesso a nutridev.php --- | SID: tvnmnr8vkj0d3ice9sefob7cq9
[12-Jun-2025 02:03:08 UTC] --- Acesso a nutridev.php --- | SID: icufh1h4lgcugpk4vl4f9qdd4q
[12-Jun-2025 10:14:11 UTC] --- Acesso a nutridev.php --- | SID: jhir81lhl4o7hfqa7jpc48p9a1
[12-Jun-2025 11:37:55 UTC] --- Acesso a nutridev.php --- | SID: pff97j1sb55v218svqb39lidun
[13-Jun-2025 08:05:56 UTC] --- Acesso a nutridev.php --- | SID: ntlet2jfebba75qeetjoc5qvg1
[14-Jun-2025 21:02:19 UTC] --- Acesso a nutridev.php --- | SID: bgt1jd1otjach6buudm81stdu3
[17-Jun-2025 02:14:12 UTC] --- Acesso a nutridev.php --- | SID: m5qnbtaj3p94jhk2cj7sr0bmfn
[17-Jun-2025 15:47:44 UTC] --- Acesso a nutridev.php --- | SID: qfgc90evd4vrqv928ba3ngrrsn
[17-Jun-2025 17:33:54 UTC] --- Acesso a nutridev.php --- | SID: n5t46pr57brcfll006biphcbm4
[17-Jun-2025 17:33:55 UTC] --- Acesso a nutridev.php --- | SID: 43t6c58951si0n5ttplr23p2l2
[17-Jun-2025 21:33:59 UTC] --- Acesso a nutridev.php --- | SID: ef1a1q4fbm2g3cnkjhnh4bd1pq
[18-Jun-2025 02:36:01 UTC] --- Acesso a nutridev.php --- | SID: opu4b5bntnbqmr4t656f20m405
[18-Jun-2025 02:36:10 UTC] --- Acesso a nutridev.php --- | SID: opu4b5bntnbqmr4t656f20m405
[18-Jun-2025 16:51:25 UTC] --- Acesso a nutridev.php --- | SID: 454aekgtsklq097dg6n0m5r6f0
[02-Jul-2025 11:00:35 UTC] --- Acesso a nutridev.php --- | SID: ai6j9ftsujfcgl05qv4dgf7v82
[03-Jul-2025 20:18:21 UTC] --- Acesso a nutridev.php --- | SID: vprhu8ct6k4tpo2622le3kvmdi
[04-Jul-2025 20:51:49 UTC] --- Acesso a nutridev.php --- | SID: nrj6ckotf10bqpevou0b8uq254
[05-Jul-2025 09:51:02 UTC] --- Acesso a nutridev.php --- | SID: rkg0av0d0hj5bnlpj67bfif88r
[07-Jul-2025 01:21:39 UTC] --- Acesso a nutridev.php --- | SID: 27kl2r5gu8gtgbtgnlnsdrti0n
[10-Jul-2025 16:26:44 UTC] --- Acesso a nutridev.php --- | SID: ipsathi3a9cqa7r86rh1t9lf7p
[10-Jul-2025 16:27:20 UTC] --- Acesso a nutridev.php --- | SID: ipsathi3a9cqa7r86rh1t9lf7p
[11-Jul-2025 00:51:20 UTC] --- Acesso a nutridev.php --- | SID: cfjso9kjutoqkqbusdcibj7f8d
[14-Jul-2025 04:54:31 UTC] --- Acesso a nutridev.php --- | SID: 86mfm9q3b9cma0tq9nf932g9rt
[14-Jul-2025 07:31:51 UTC] --- Acesso a nutridev.php --- | SID: ubpe6fg2l87inch81mbhsg1p5j
[14-Jul-2025 08:21:09 UTC] --- Acesso a nutridev.php --- | SID: d4om34ssvppr704aedd7bf8qje
[15-Jul-2025 00:35:27 UTC] --- Acesso a nutridev.php --- | SID: 46paj6aifjkf5mmn7nf879l4uk
[19-Jul-2025 13:38:08 UTC] --- Acesso a nutridev.php --- | SID: h5vb1la4fomjpq5kd2fda7lp9h
[20-Jul-2025 19:50:48 UTC] --- Acesso a nutridev.php --- | SID: 4jmh2a29bcjase3ehibnvd54ut
[23-Jul-2025 18:31:58 UTC] --- Acesso a nutridev.php --- | SID: h12nua5uov8stttuuqhgm0n72t
[23-Jul-2025 18:32:00 UTC] --- Acesso a nutridev.php --- | SID: hk7ktafl63ip2nqr06q4go99eb
[23-Jul-2025 19:44:23 UTC] --- Acesso a nutridev.php --- | SID: afoc494po1uoiabrsti34qfobl
[24-Jul-2025 23:36:56 UTC] --- Acesso a nutridev.php --- | SID: ket3k9uq770c489qgeooko3na4
[26-Jul-2025 05:55:59 UTC] --- Acesso a nutridev.php --- | SID: un0mo1a441gq6rpnvt25hkuck4
[27-Jul-2025 21:05:53 UTC] --- Acesso a nutridev.php --- | SID: 9h0t5ni9maqab7kk95cp46mgpd
[28-Jul-2025 00:39:52 UTC] --- Acesso a nutridev.php --- | SID: 4snpuv613b7ab6umu5igr2innq
[29-Jul-2025 14:38:01 UTC] --- Acesso a nutridev.php --- | SID: obev36vs2pqmr5qev89efq5oc4
[30-Jul-2025 20:55:54 UTC] --- Acesso a nutridev.php --- | SID: 39facp4g658j7je1fve58ntncm
[06-Aug-2025 11:36:06 UTC] --- Acesso a nutridev.php --- | SID: 149h37j4l4lrld0673l8hdfv99
[09-Aug-2025 14:55:42 UTC] --- Acesso a nutridev.php --- | SID: 8bjbmc29m3n8k6g12100blgujo
[14-Aug-2025 01:48:56 UTC] --- Acesso a nutridev.php --- | SID: vlh11fbh60ln1j98opfrjjessi
[14-Aug-2025 02:34:01 UTC] --- Acesso a nutridev.php --- | SID: 00bvd99tptq6l9qb4b88aoi03q
[14-Aug-2025 17:49:23 UTC] --- Acesso a nutridev.php --- | SID: 5iq1178v1ql0suatc369h4aafk
[14-Aug-2025 17:49:24 UTC] --- Acesso a nutridev.php --- | SID: 5iq1178v1ql0suatc369h4aafk
[15-Aug-2025 02:34:14 UTC] --- Acesso a nutridev.php --- | SID: tssrd20tsuq8mie201g0f467dg
[17-Aug-2025 02:36:53 UTC] --- Acesso a nutridev.php --- | SID: 886g7ocucdjhmeaa8khmuj9hks
[18-Aug-2025 02:34:12 UTC] --- Acesso a nutridev.php --- | SID: mcijvnne301lhh339hp5mb943p
[18-Aug-2025 15:41:50 UTC] --- Acesso a nutridev.php --- | SID: rpnlioeedrjkuv67ia3decdsdc
[19-Aug-2025 02:33:35 UTC] --- Acesso a nutridev.php --- | SID: d0q8sossg16nopr6s4ck90egr8
[19-Aug-2025 13:44:51 UTC] --- Acesso a nutridev.php --- | SID: hobpfhegt7qcksqrn6i7dat647
[19-Aug-2025 13:44:51 UTC] --- Acesso a nutridev.php --- | SID: as6e6rkq0t4qtcu7mattumnvou
[19-Aug-2025 21:23:47 UTC] --- Acesso a nutridev.php --- | SID: gv5vbtblcsef1e4157m21dg4gc
[21-Aug-2025 20:30:41 UTC] --- Acesso a nutridev.php --- | SID: nfbjfgitd8fgkmndi9s0q0m6dc
[21-Aug-2025 23:07:10 UTC] --- Acesso a nutridev.php --- | SID: iokv8tqamp00ad7of3488doct3
[24-Aug-2025 21:19:05 UTC] --- Acesso a nutridev.php --- | SID: d13ie5bvi5ululjfi94218cqsq
[24-Aug-2025 23:23:00 UTC] --- Acesso a nutridev.php --- | SID: 9rv912l9dqmgsmvfk0s62a00si
