[21-May-2025 08:29:48 America/Sao_Paulo] preparacao_actions.php: Acesso AUTENTICADO. UserID: 3. Ação: create_preparacao. Session ID: 7cbokckm1jqdn5iqtrgao378mi
[21-May-2025 08:29:48 America/Sao_Paulo] preparacao_actions.php: Conexão com BD OK.
[21-May-2025 09:08:52 America/Sao_Paulo] preparacao_actions.php: Acesso AUTENTICADO. UserID: 3. Ação: create_preparacao. Session ID: 7cbokckm1jqdn5iqtrgao378mi
[21-May-2025 09:08:52 America/Sao_Paulo] preparacao_actions.php: Conexão com BD OK.
[21-May-2025 09:10:45 America/Sao_Paulo] preparacao_actions.php: Acesso AUTENTICADO. UserID: 3. Ação: update_preparacao. Session ID: 7cbokckm1jqdn5iqtrgao378mi
[21-May-2025 09:10:45 America/Sao_Paulo] preparacao_actions.php: Conexão com BD OK.
[21-May-2025 09:11:06 America/Sao_Paulo] preparacao_actions.php: Acesso AUTENTICADO. UserID: 3. Ação: update_preparacao. Session ID: 7cbokckm1jqdn5iqtrgao378mi
[21-May-2025 09:11:06 America/Sao_Paulo] preparacao_actions.php: Conexão com BD OK.
[21-May-2025 21:05:58 America/Sao_Paulo] preparacao_actions.php: Acesso AUTENTICADO. UserID: 3. Ação: create_preparacao. Session ID: dgo86edf5m20cfskst69d1e0a2
[21-May-2025 21:05:58 America/Sao_Paulo] preparacao_actions.php: Conexão com BD OK.
[21-May-2025 21:07:14 America/Sao_Paulo] preparacao_actions.php: Acesso AUTENTICADO. UserID: 3. Ação: update_preparacao. Session ID: dgo86edf5m20cfskst69d1e0a2
[21-May-2025 21:07:14 America/Sao_Paulo] preparacao_actions.php: Conexão com BD OK.
[21-May-2025 21:07:33 America/Sao_Paulo] preparacao_actions.php: Acesso AUTENTICADO. UserID: 3. Ação: update_preparacao. Session ID: dgo86edf5m20cfskst69d1e0a2
[21-May-2025 21:07:33 America/Sao_Paulo] preparacao_actions.php: Conexão com BD OK.
[21-May-2025 21:07:38 America/Sao_Paulo] preparacao_actions.php: Acesso AUTENTICADO. UserID: 3. Ação: update_preparacao. Session ID: dgo86edf5m20cfskst69d1e0a2
[21-May-2025 21:07:38 America/Sao_Paulo] preparacao_actions.php: Conexão com BD OK.
[24-May-2025 17:36:13 America/Sao_Paulo] preparacao_actions.php: Acesso AUTENTICADO. UserID: 3. Ação: update_preparacao. Session ID: onfum595u2g6j8gncaohdo45aa
[24-May-2025 17:36:13 America/Sao_Paulo] preparacao_actions.php: Conexão com BD OK.
[24-May-2025 17:36:26 America/Sao_Paulo] preparacao_actions.php: Acesso AUTENTICADO. UserID: 3. Ação: update_preparacao. Session ID: onfum595u2g6j8gncaohdo45aa
[24-May-2025 17:36:26 America/Sao_Paulo] preparacao_actions.php: Conexão com BD OK.
[01-Jun-2025 20:43:13 America/Sao_Paulo] preparacao_actions.php: Acesso AUTENTICADO. UserID: 3. Ação: create_preparacao. Session ID: qhfnqnhdgdq4j51c91oh5e57bt
[01-Jun-2025 20:43:13 America/Sao_Paulo] preparacao_actions.php: Conexão com BD OK.
[01-Jun-2025 20:43:17 America/Sao_Paulo] preparacao_actions.php: Acesso AUTENTICADO. UserID: 3. Ação: create_preparacao. Session ID: qhfnqnhdgdq4j51c91oh5e57bt
[01-Jun-2025 20:43:17 America/Sao_Paulo] preparacao_actions.php: Conexão com BD OK.
[01-Jun-2025 20:43:27 America/Sao_Paulo] preparacao_actions.php: Acesso AUTENTICADO. UserID: 3. Ação: create_preparacao. Session ID: qhfnqnhdgdq4j51c91oh5e57bt
[01-Jun-2025 20:43:27 America/Sao_Paulo] preparacao_actions.php: Conexão com BD OK.
[01-Jun-2025 20:44:27 America/Sao_Paulo] preparacao_actions.php: Acesso AUTENTICADO. UserID: 3. Ação: create_preparacao. Session ID: qhfnqnhdgdq4j51c91oh5e57bt
[01-Jun-2025 20:44:27 America/Sao_Paulo] preparacao_actions.php: Conexão com BD OK.
[01-Jun-2025 20:46:26 America/Sao_Paulo] preparacao_actions.php: Acesso AUTENTICADO. UserID: 3. Ação: update_preparacao. Session ID: qhfnqnhdgdq4j51c91oh5e57bt
[01-Jun-2025 20:46:26 America/Sao_Paulo] preparacao_actions.php: Conexão com BD OK.
[01-Jun-2025 20:47:25 America/Sao_Paulo] preparacao_actions.php: Acesso AUTENTICADO. UserID: 3. Ação: delete_preparacao. Session ID: qhfnqnhdgdq4j51c91oh5e57bt
[01-Jun-2025 20:47:25 America/Sao_Paulo] preparacao_actions.php: Conexão com BD OK.
[01-Jun-2025 20:47:29 America/Sao_Paulo] preparacao_actions.php: Acesso AUTENTICADO. UserID: 3. Ação: delete_preparacao. Session ID: qhfnqnhdgdq4j51c91oh5e57bt
[01-Jun-2025 20:47:29 America/Sao_Paulo] preparacao_actions.php: Conexão com BD OK.
[01-Jun-2025 20:47:31 America/Sao_Paulo] preparacao_actions.php: Acesso AUTENTICADO. UserID: 3. Ação: delete_preparacao. Session ID: qhfnqnhdgdq4j51c91oh5e57bt
[01-Jun-2025 20:47:31 America/Sao_Paulo] preparacao_actions.php: Conexão com BD OK.
[01-Jun-2025 20:47:34 America/Sao_Paulo] preparacao_actions.php: Acesso AUTENTICADO. UserID: 3. Ação: delete_preparacao. Session ID: qhfnqnhdgdq4j51c91oh5e57bt
[01-Jun-2025 20:47:34 America/Sao_Paulo] preparacao_actions.php: Conexão com BD OK.
[01-Jun-2025 20:48:15 America/Sao_Paulo] preparacao_actions.php: Acesso AUTENTICADO. UserID: 3. Ação: create_preparacao. Session ID: qhfnqnhdgdq4j51c91oh5e57bt
[01-Jun-2025 20:48:15 America/Sao_Paulo] preparacao_actions.php: Conexão com BD OK.
[01-Jun-2025 20:48:23 America/Sao_Paulo] preparacao_actions.php: Acesso AUTENTICADO. UserID: 3. Ação: delete_preparacao. Session ID: qhfnqnhdgdq4j51c91oh5e57bt
[01-Jun-2025 20:48:23 America/Sao_Paulo] preparacao_actions.php: Conexão com BD OK.
[01-Jun-2025 21:04:33 America/Sao_Paulo] preparacao_actions.php: Acesso AUTENTICADO. UserID: 3. Ação: update_preparacao. Session ID: qhfnqnhdgdq4j51c91oh5e57bt
[01-Jun-2025 21:04:33 America/Sao_Paulo] preparacao_actions.php: Conexão com BD OK.
[01-Jun-2025 21:09:01 America/Sao_Paulo] preparacao_actions.php: Acesso AUTENTICADO. UserID: 3. Ação: create_preparacao. Session ID: qhfnqnhdgdq4j51c91oh5e57bt
[01-Jun-2025 21:09:01 America/Sao_Paulo] preparacao_actions.php: Conexão com BD OK.
[01-Jun-2025 21:09:05 America/Sao_Paulo] preparacao_actions.php: Acesso AUTENTICADO. UserID: 3. Ação: delete_preparacao. Session ID: qhfnqnhdgdq4j51c91oh5e57bt
[01-Jun-2025 21:09:05 America/Sao_Paulo] preparacao_actions.php: Conexão com BD OK.
[01-Jun-2025 21:25:19 America/Sao_Paulo] preparacao_actions.php: Acesso AUTENTICADO. UserID: 3. Ação: create_preparacao. Session ID: qhfnqnhdgdq4j51c91oh5e57bt
[01-Jun-2025 21:25:19 America/Sao_Paulo] preparacao_actions.php: Conexão com BD OK.
[01-Jun-2025 21:29:32 America/Sao_Paulo] preparacao_actions.php: Acesso AUTENTICADO. UserID: 3. Ação: update_preparacao. Session ID: qhfnqnhdgdq4j51c91oh5e57bt
[01-Jun-2025 21:29:32 America/Sao_Paulo] preparacao_actions.php: Conexão com BD OK.
[01-Jun-2025 21:29:38 America/Sao_Paulo] preparacao_actions.php: Acesso AUTENTICADO. UserID: 3. Ação: delete_preparacao. Session ID: qhfnqnhdgdq4j51c91oh5e57bt
[01-Jun-2025 21:29:38 America/Sao_Paulo] preparacao_actions.php: Conexão com BD OK.
[01-Jun-2025 21:32:49 America/Sao_Paulo] preparacao_actions.php: Acesso AUTENTICADO. UserID: 3. Ação: create_preparacao. Session ID: qhfnqnhdgdq4j51c91oh5e57bt
[01-Jun-2025 21:32:49 America/Sao_Paulo] preparacao_actions.php: Conexão com BD OK.
[01-Jun-2025 21:38:39 America/Sao_Paulo] preparacao_actions.php: Acesso AUTENTICADO. UserID: 3. Ação: delete_preparacao. Session ID: qhfnqnhdgdq4j51c91oh5e57bt
[01-Jun-2025 21:38:39 America/Sao_Paulo] preparacao_actions.php: Conexão com BD OK.
[02-Jun-2025 13:59:41 America/Sao_Paulo] preparacao_actions.php: Acesso AUTENTICADO. UserID: 3. Ação: delete_preparacao. Session ID: 95ssnonrqg8e42speejjnpcens
[02-Jun-2025 13:59:41 America/Sao_Paulo] preparacao_actions.php: Conexão com BD OK.
[11-Jun-2025 09:40:13 America/Sao_Paulo] preparacao_actions.php: Acesso AUTENTICADO. UserID: 3. Ação: create_preparacao. Session ID: 0tt53nsgmh2hdgmh4neu4kcn1s
[11-Jun-2025 09:40:13 America/Sao_Paulo] preparacao_actions.php: Conexão com BD OK.
[11-Jun-2025 09:40:23 America/Sao_Paulo] preparacao_actions.php: Acesso AUTENTICADO. UserID: 3. Ação: update_preparacao. Session ID: 0tt53nsgmh2hdgmh4neu4kcn1s
[11-Jun-2025 09:40:23 America/Sao_Paulo] preparacao_actions.php: Conexão com BD OK.
[14-Jun-2025 12:31:34 America/Sao_Paulo] preparacao_actions.php: Acesso AUTENTICADO. UserID: 3. Ação: create_preparacao. Session ID: i1ro5mvi9u3l2kn1vh0lk3lt6s
[14-Jun-2025 12:31:34 America/Sao_Paulo] preparacao_actions.php: Conexão com BD OK.
[14-Jun-2025 12:31:39 America/Sao_Paulo] preparacao_actions.php: Acesso AUTENTICADO. UserID: 3. Ação: delete_preparacao. Session ID: i1ro5mvi9u3l2kn1vh0lk3lt6s
[14-Jun-2025 12:31:39 America/Sao_Paulo] preparacao_actions.php: Conexão com BD OK.
[17-Jun-2025 14:28:56 America/Sao_Paulo] preparacao_actions.php: Acesso AUTENTICADO. UserID: 3. Ação: create_preparacao. Session ID: j37tnte03cfav53k53blij89cc
[17-Jun-2025 14:28:56 America/Sao_Paulo] preparacao_actions.php: Conexão com BD OK.
[17-Jun-2025 14:29:04 America/Sao_Paulo] preparacao_actions.php: Acesso AUTENTICADO. UserID: 3. Ação: create_preparacao. Session ID: j37tnte03cfav53k53blij89cc
[17-Jun-2025 14:29:04 America/Sao_Paulo] preparacao_actions.php: Conexão com BD OK.
[17-Jun-2025 15:30:43 America/Sao_Paulo] preparacao_actions.php: Acesso AUTENTICADO. UserID: 3. Ação: create_preparacao. Session ID: 1ea6d8d363t3p20au815r78qah
[17-Jun-2025 15:30:43 America/Sao_Paulo] preparacao_actions.php: Conexão com BD OK.
[17-Jun-2025 15:30:53 America/Sao_Paulo] preparacao_actions.php: Acesso AUTENTICADO. UserID: 3. Ação: create_preparacao. Session ID: 1ea6d8d363t3p20au815r78qah
[17-Jun-2025 15:30:53 America/Sao_Paulo] preparacao_actions.php: Conexão com BD OK.
[17-Jun-2025 15:33:28 America/Sao_Paulo] preparacao_actions.php: Acesso AUTENTICADO. UserID: 3. Ação: create_preparacao. Session ID: 1ea6d8d363t3p20au815r78qah
[17-Jun-2025 15:33:28 America/Sao_Paulo] preparacao_actions.php: Conexão com BD OK.
[17-Jun-2025 15:39:06 America/Sao_Paulo] preparacao_actions.php: Acesso AUTENTICADO. UserID: 3. Ação: create_preparacao. Session ID: 1ea6d8d363t3p20au815r78qah
[17-Jun-2025 15:39:06 America/Sao_Paulo] preparacao_actions.php: Conexão com BD OK.
[17-Jun-2025 15:43:12 America/Sao_Paulo] preparacao_actions.php: Acesso AUTENTICADO. UserID: 3. Ação: create_preparacao. Session ID: 1ea6d8d363t3p20au815r78qah
[17-Jun-2025 15:43:12 America/Sao_Paulo] preparacao_actions.php: Conexão com BD OK.
[17-Jun-2025 15:54:18 America/Sao_Paulo] preparacao_actions.php: Acesso AUTENTICADO. UserID: 3. Ação: create_preparacao. Session ID: knolmsn5f9drrihe1nf0i8n87n
[17-Jun-2025 15:54:18 America/Sao_Paulo] preparacao_actions.php: Conexão com BD OK.
[18-Jun-2025 13:47:40 America/Sao_Paulo] preparacao_actions.php: Acesso AUTENTICADO. UserID: 3. Ação: create_preparacao. Session ID: raqulq10m06jppqd5ghbt1d4n9
[18-Jun-2025 13:47:40 America/Sao_Paulo] preparacao_actions.php: Conexão com BD OK.
[18-Jun-2025 13:51:26 America/Sao_Paulo] preparacao_actions.php: Acesso AUTENTICADO. UserID: 3. Ação: create_preparacao. Session ID: raqulq10m06jppqd5ghbt1d4n9
[18-Jun-2025 13:51:26 America/Sao_Paulo] preparacao_actions.php: Conexão com BD OK.
[18-Jun-2025 13:51:42 America/Sao_Paulo] preparacao_actions.php: Acesso AUTENTICADO. UserID: 3. Ação: create_preparacao. Session ID: raqulq10m06jppqd5ghbt1d4n9
[18-Jun-2025 13:51:42 America/Sao_Paulo] preparacao_actions.php: Conexão com BD OK.
[18-Jun-2025 13:53:51 America/Sao_Paulo] preparacao_actions.php: Acesso AUTENTICADO. UserID: 3. Ação: create_preparacao. Session ID: raqulq10m06jppqd5ghbt1d4n9
[18-Jun-2025 13:53:51 America/Sao_Paulo] preparacao_actions.php: Conexão com BD OK.
[01-Jul-2025 13:54:16 America/Sao_Paulo] preparacao_actions.php: Acesso AUTENTICADO. UserID: 3. Ação: delete_preparacao. Session ID: 123qr48dgvpn13rifpv8go855i
[01-Jul-2025 13:54:16 America/Sao_Paulo] preparacao_actions.php: Conexão com BD OK.
[02-Jul-2025 20:14:14 America/Sao_Paulo] preparacao_actions.php: Acesso AUTENTICADO. UserID: 3. Ação: create_preparacao. Session ID: he9mjpj5l1dlhd75tpqqr7us6s
[02-Jul-2025 20:14:14 America/Sao_Paulo] preparacao_actions.php: Conexão com BD OK.
[02-Jul-2025 20:14:28 America/Sao_Paulo] preparacao_actions.php: Acesso AUTENTICADO. UserID: 3. Ação: delete_preparacao. Session ID: he9mjpj5l1dlhd75tpqqr7us6s
[02-Jul-2025 20:14:28 America/Sao_Paulo] preparacao_actions.php: Conexão com BD OK.
[02-Jul-2025 20:16:48 America/Sao_Paulo] preparacao_actions.php: Acesso AUTENTICADO. UserID: 3. Ação: create_preparacao. Session ID: he9mjpj5l1dlhd75tpqqr7us6s
[02-Jul-2025 20:16:48 America/Sao_Paulo] preparacao_actions.php: Conexão com BD OK.
[02-Jul-2025 20:35:51 America/Sao_Paulo] preparacao_actions.php: Acesso AUTENTICADO. UserID: 3. Ação: update_preparacao. Session ID: he9mjpj5l1dlhd75tpqqr7us6s
[02-Jul-2025 20:35:51 America/Sao_Paulo] preparacao_actions.php: Conexão com BD OK.
[02-Jul-2025 20:36:20 America/Sao_Paulo] preparacao_actions.php: Acesso AUTENTICADO. UserID: 3. Ação: update_preparacao. Session ID: he9mjpj5l1dlhd75tpqqr7us6s
[02-Jul-2025 20:36:20 America/Sao_Paulo] preparacao_actions.php: Conexão com BD OK.
[02-Jul-2025 20:36:36 America/Sao_Paulo] preparacao_actions.php: Acesso AUTENTICADO. UserID: 3. Ação: update_preparacao. Session ID: he9mjpj5l1dlhd75tpqqr7us6s
[02-Jul-2025 20:36:36 America/Sao_Paulo] preparacao_actions.php: Conexão com BD OK.
[02-Jul-2025 20:38:15 America/Sao_Paulo] preparacao_actions.php: Acesso AUTENTICADO. UserID: 3. Ação: update_preparacao. Session ID: he9mjpj5l1dlhd75tpqqr7us6s
[02-Jul-2025 20:38:15 America/Sao_Paulo] preparacao_actions.php: Conexão com BD OK.
[02-Jul-2025 20:41:27 America/Sao_Paulo] preparacao_actions.php: Acesso AUTENTICADO. UserID: 3. Ação: update_preparacao. Session ID: he9mjpj5l1dlhd75tpqqr7us6s
[02-Jul-2025 20:41:27 America/Sao_Paulo] preparacao_actions.php: Conexão com BD OK.
[02-Jul-2025 20:41:36 America/Sao_Paulo] preparacao_actions.php: Acesso AUTENTICADO. UserID: 3. Ação: update_preparacao. Session ID: he9mjpj5l1dlhd75tpqqr7us6s
[02-Jul-2025 20:41:36 America/Sao_Paulo] preparacao_actions.php: Conexão com BD OK.
[02-Jul-2025 20:41:40 America/Sao_Paulo] preparacao_actions.php: Acesso AUTENTICADO. UserID: 3. Ação: update_preparacao. Session ID: he9mjpj5l1dlhd75tpqqr7us6s
[02-Jul-2025 20:41:40 America/Sao_Paulo] preparacao_actions.php: Conexão com BD OK.
[02-Jul-2025 20:42:50 America/Sao_Paulo] preparacao_actions.php: Acesso AUTENTICADO. UserID: 3. Ação: update_preparacao. Session ID: he9mjpj5l1dlhd75tpqqr7us6s
[02-Jul-2025 20:42:50 America/Sao_Paulo] preparacao_actions.php: Conexão com BD OK.
[02-Jul-2025 20:43:02 America/Sao_Paulo] preparacao_actions.php: Acesso AUTENTICADO. UserID: 3. Ação: update_preparacao. Session ID: he9mjpj5l1dlhd75tpqqr7us6s
[02-Jul-2025 20:43:02 America/Sao_Paulo] preparacao_actions.php: Conexão com BD OK.
[02-Jul-2025 20:43:25 America/Sao_Paulo] preparacao_actions.php: Acesso AUTENTICADO. UserID: 3. Ação: update_preparacao. Session ID: he9mjpj5l1dlhd75tpqqr7us6s
[02-Jul-2025 20:43:25 America/Sao_Paulo] preparacao_actions.php: Conexão com BD OK.
[02-Jul-2025 20:43:29 America/Sao_Paulo] preparacao_actions.php: Acesso AUTENTICADO. UserID: 3. Ação: update_preparacao. Session ID: he9mjpj5l1dlhd75tpqqr7us6s
[02-Jul-2025 20:43:29 America/Sao_Paulo] preparacao_actions.php: Conexão com BD OK.
[02-Jul-2025 20:43:32 America/Sao_Paulo] preparacao_actions.php: Acesso AUTENTICADO. UserID: 3. Ação: update_preparacao. Session ID: he9mjpj5l1dlhd75tpqqr7us6s
[02-Jul-2025 20:43:32 America/Sao_Paulo] preparacao_actions.php: Conexão com BD OK.
[02-Jul-2025 20:43:34 America/Sao_Paulo] preparacao_actions.php: Acesso AUTENTICADO. UserID: 3. Ação: update_preparacao. Session ID: he9mjpj5l1dlhd75tpqqr7us6s
[02-Jul-2025 20:43:34 America/Sao_Paulo] preparacao_actions.php: Conexão com BD OK.
[02-Jul-2025 20:43:41 America/Sao_Paulo] preparacao_actions.php: Acesso AUTENTICADO. UserID: 3. Ação: update_preparacao. Session ID: he9mjpj5l1dlhd75tpqqr7us6s
[02-Jul-2025 20:43:41 America/Sao_Paulo] preparacao_actions.php: Conexão com BD OK.
[02-Jul-2025 20:44:34 America/Sao_Paulo] preparacao_actions.php: Acesso AUTENTICADO. UserID: 3. Ação: update_preparacao. Session ID: he9mjpj5l1dlhd75tpqqr7us6s
[02-Jul-2025 20:44:34 America/Sao_Paulo] preparacao_actions.php: Conexão com BD OK.
[02-Jul-2025 20:44:58 America/Sao_Paulo] preparacao_actions.php: Acesso AUTENTICADO. UserID: 3. Ação: update_preparacao. Session ID: he9mjpj5l1dlhd75tpqqr7us6s
[02-Jul-2025 20:44:58 America/Sao_Paulo] preparacao_actions.php: Conexão com BD OK.
[02-Jul-2025 20:45:23 America/Sao_Paulo] preparacao_actions.php: Acesso AUTENTICADO. UserID: 3. Ação: update_preparacao. Session ID: he9mjpj5l1dlhd75tpqqr7us6s
[02-Jul-2025 20:45:23 America/Sao_Paulo] preparacao_actions.php: Conexão com BD OK.
[02-Jul-2025 20:45:32 America/Sao_Paulo] preparacao_actions.php: Acesso AUTENTICADO. UserID: 3. Ação: update_preparacao. Session ID: he9mjpj5l1dlhd75tpqqr7us6s
[02-Jul-2025 20:45:32 America/Sao_Paulo] preparacao_actions.php: Conexão com BD OK.
[02-Jul-2025 20:45:44 America/Sao_Paulo] preparacao_actions.php: Acesso AUTENTICADO. UserID: 3. Ação: update_preparacao. Session ID: he9mjpj5l1dlhd75tpqqr7us6s
[02-Jul-2025 20:45:44 America/Sao_Paulo] preparacao_actions.php: Conexão com BD OK.
[02-Jul-2025 20:46:02 America/Sao_Paulo] preparacao_actions.php: Acesso AUTENTICADO. UserID: 3. Ação: update_preparacao. Session ID: he9mjpj5l1dlhd75tpqqr7us6s
[02-Jul-2025 20:46:02 America/Sao_Paulo] preparacao_actions.php: Conexão com BD OK.
[02-Jul-2025 20:46:27 America/Sao_Paulo] preparacao_actions.php: Acesso AUTENTICADO. UserID: 3. Ação: update_preparacao. Session ID: he9mjpj5l1dlhd75tpqqr7us6s
[02-Jul-2025 20:46:27 America/Sao_Paulo] preparacao_actions.php: Conexão com BD OK.
[02-Jul-2025 20:46:45 America/Sao_Paulo] preparacao_actions.php: Acesso AUTENTICADO. UserID: 3. Ação: update_preparacao. Session ID: he9mjpj5l1dlhd75tpqqr7us6s
[02-Jul-2025 20:46:45 America/Sao_Paulo] preparacao_actions.php: Conexão com BD OK.
[02-Jul-2025 20:47:19 America/Sao_Paulo] preparacao_actions.php: Acesso AUTENTICADO. UserID: 3. Ação: update_preparacao. Session ID: he9mjpj5l1dlhd75tpqqr7us6s
[02-Jul-2025 20:47:19 America/Sao_Paulo] preparacao_actions.php: Conexão com BD OK.
[02-Jul-2025 20:47:50 America/Sao_Paulo] preparacao_actions.php: Acesso AUTENTICADO. UserID: 3. Ação: create_preparacao. Session ID: he9mjpj5l1dlhd75tpqqr7us6s
[02-Jul-2025 20:47:50 America/Sao_Paulo] preparacao_actions.php: Conexão com BD OK.
[02-Jul-2025 20:48:15 America/Sao_Paulo] preparacao_actions.php: Acesso AUTENTICADO. UserID: 3. Ação: update_preparacao. Session ID: he9mjpj5l1dlhd75tpqqr7us6s
[02-Jul-2025 20:48:15 America/Sao_Paulo] preparacao_actions.php: Conexão com BD OK.
[02-Jul-2025 20:48:18 America/Sao_Paulo] preparacao_actions.php: Acesso AUTENTICADO. UserID: 3. Ação: update_preparacao. Session ID: he9mjpj5l1dlhd75tpqqr7us6s
[02-Jul-2025 20:48:18 America/Sao_Paulo] preparacao_actions.php: Conexão com BD OK.
[02-Jul-2025 20:48:27 America/Sao_Paulo] preparacao_actions.php: Acesso AUTENTICADO. UserID: 3. Ação: update_preparacao. Session ID: he9mjpj5l1dlhd75tpqqr7us6s
[02-Jul-2025 20:48:27 America/Sao_Paulo] preparacao_actions.php: Conexão com BD OK.
[02-Jul-2025 20:48:33 America/Sao_Paulo] preparacao_actions.php: Acesso AUTENTICADO. UserID: 3. Ação: update_preparacao. Session ID: he9mjpj5l1dlhd75tpqqr7us6s
[02-Jul-2025 20:48:33 America/Sao_Paulo] preparacao_actions.php: Conexão com BD OK.
[07-Jul-2025 22:30:31 America/Sao_Paulo] preparacao_actions.php: Acesso AUTENTICADO. UserID: 3. Ação: update_preparacao. Session ID: 4st881prqvec2ntcbthra5gjrl
[07-Jul-2025 22:30:31 America/Sao_Paulo] preparacao_actions.php: Conexão com BD OK.
[07-Jul-2025 22:30:36 America/Sao_Paulo] preparacao_actions.php: Acesso AUTENTICADO. UserID: 3. Ação: update_preparacao. Session ID: 4st881prqvec2ntcbthra5gjrl
[07-Jul-2025 22:30:36 America/Sao_Paulo] preparacao_actions.php: Conexão com BD OK.
[07-Jul-2025 22:32:13 America/Sao_Paulo] preparacao_actions.php: Acesso AUTENTICADO. UserID: 3. Ação: update_preparacao. Session ID: 4st881prqvec2ntcbthra5gjrl
[07-Jul-2025 22:32:13 America/Sao_Paulo] preparacao_actions.php: Conexão com BD OK.
[07-Jul-2025 22:33:20 America/Sao_Paulo] preparacao_actions.php: Acesso AUTENTICADO. UserID: 3. Ação: update_preparacao. Session ID: 4st881prqvec2ntcbthra5gjrl
[07-Jul-2025 22:33:20 America/Sao_Paulo] preparacao_actions.php: Conexão com BD OK.
[07-Jul-2025 22:35:23 America/Sao_Paulo] preparacao_actions.php: Acesso AUTENTICADO. UserID: 3. Ação: update_preparacao. Session ID: 4st881prqvec2ntcbthra5gjrl
[07-Jul-2025 22:35:23 America/Sao_Paulo] preparacao_actions.php: Conexão com BD OK.
[07-Jul-2025 22:35:48 America/Sao_Paulo] preparacao_actions.php: Acesso AUTENTICADO. UserID: 3. Ação: update_preparacao. Session ID: 4st881prqvec2ntcbthra5gjrl
[07-Jul-2025 22:35:48 America/Sao_Paulo] preparacao_actions.php: Conexão com BD OK.
[07-Jul-2025 22:35:56 America/Sao_Paulo] preparacao_actions.php: Acesso AUTENTICADO. UserID: 3. Ação: update_preparacao. Session ID: 4st881prqvec2ntcbthra5gjrl
[07-Jul-2025 22:35:56 America/Sao_Paulo] preparacao_actions.php: Conexão com BD OK.
[07-Jul-2025 22:36:09 America/Sao_Paulo] preparacao_actions.php: Acesso AUTENTICADO. UserID: 3. Ação: update_preparacao. Session ID: 4st881prqvec2ntcbthra5gjrl
[07-Jul-2025 22:36:09 America/Sao_Paulo] preparacao_actions.php: Conexão com BD OK.
[07-Jul-2025 22:36:46 America/Sao_Paulo] preparacao_actions.php: Acesso AUTENTICADO. UserID: 3. Ação: update_preparacao. Session ID: 4st881prqvec2ntcbthra5gjrl
[07-Jul-2025 22:36:46 America/Sao_Paulo] preparacao_actions.php: Conexão com BD OK.
[07-Jul-2025 22:37:13 America/Sao_Paulo] preparacao_actions.php: Acesso AUTENTICADO. UserID: 3. Ação: update_preparacao. Session ID: 4st881prqvec2ntcbthra5gjrl
[07-Jul-2025 22:37:13 America/Sao_Paulo] preparacao_actions.php: Conexão com BD OK.
[07-Jul-2025 22:37:27 America/Sao_Paulo] preparacao_actions.php: Acesso AUTENTICADO. UserID: 3. Ação: update_preparacao. Session ID: 4st881prqvec2ntcbthra5gjrl
[07-Jul-2025 22:37:27 America/Sao_Paulo] preparacao_actions.php: Conexão com BD OK.
[07-Jul-2025 22:37:45 America/Sao_Paulo] preparacao_actions.php: Acesso AUTENTICADO. UserID: 3. Ação: update_preparacao. Session ID: 4st881prqvec2ntcbthra5gjrl
[07-Jul-2025 22:37:45 America/Sao_Paulo] preparacao_actions.php: Conexão com BD OK.
[07-Jul-2025 22:37:52 America/Sao_Paulo] preparacao_actions.php: Acesso AUTENTICADO. UserID: 3. Ação: update_preparacao. Session ID: 4st881prqvec2ntcbthra5gjrl
[07-Jul-2025 22:37:52 America/Sao_Paulo] preparacao_actions.php: Conexão com BD OK.
[07-Jul-2025 22:37:55 America/Sao_Paulo] preparacao_actions.php: Acesso AUTENTICADO. UserID: 3. Ação: update_preparacao. Session ID: 4st881prqvec2ntcbthra5gjrl
[07-Jul-2025 22:37:55 America/Sao_Paulo] preparacao_actions.php: Conexão com BD OK.
[07-Jul-2025 22:38:07 America/Sao_Paulo] preparacao_actions.php: Acesso AUTENTICADO. UserID: 3. Ação: update_preparacao. Session ID: 4st881prqvec2ntcbthra5gjrl
[07-Jul-2025 22:38:07 America/Sao_Paulo] preparacao_actions.php: Conexão com BD OK.
[20-Aug-2025 12:11:55 America/Sao_Paulo] preparacao_actions.php: Acesso AUTENTICADO. UserID: 3. Ação: create_preparacao. Session ID: jl4gko52kc0abl27ce962361kj
[20-Aug-2025 12:11:55 America/Sao_Paulo] preparacao_actions.php: Conexão com BD OK.
